<beans xmlns="http://www.springframework.org/schema/beans"
       xmlns:xsi="http://www.w3.org/2001/XMLSchema-instance"
       xsi:schemaLocation="http://www.springframework.org/schema/beans
        http://www.springframework.org/schema/beans/spring-beans.xsd">

    <import resource="file:src/main/webapp/WEB-INF/spontanaperator-servlet.xml"/>

    <bean id="passwordManager" class="org.aperator.spontan.model.data.manager.impl.DummyPasswordManager"/>

</beans>