<beans xmlns="http://www.springframework.org/schema/beans"
       xmlns:xsi="http://www.w3.org/2001/XMLSchema-instance"
       xmlns:jdbc="http://www.springframework.org/schema/jdbc"
       xsi:schemaLocation="http://www.springframework.org/schema/jdbc
        http://www.springframework.org/schema/jdbc/spring-jdbc-3.2.xsd
        http://www.springframework.org/schema/beans
        http://www.springframework.org/schema/beans/spring-beans.xsd">

    <import resource="file:src/main/webapp/WEB-INF/spontanaperator-servlet.xml"/>

    <bean id="passwordManager" class="org.aperator.spontan.model.data.manager.impl.DummyPasswordManager"/>

    <jdbc:embedded-database id="dataSource" type="HSQL">
        <jdbc:script location="file:src/test/resources/db_schema_test.sql" />
    </jdbc:embedded-database>

    <bean id="sessionFactory"
          class="org.springframework.orm.hibernate3.LocalSessionFactoryBean">

        <property name="dataSource">
            <ref bean="dataSource"/>
        </property>

        <property name="hibernateProperties">
            <props>
                <prop key="hibernate.dialect">org.hibernate.dialect.HSQLDialect</prop>
                <prop key="hibernate.hbm2ddl.auto">create-drop</prop>
                <prop key="hibernate.show_sql">true</prop>
            </props>
        </property>

        <property name="mappingLocations" value="file:src/main/webapp/WEB-INF/resources/hibernate/*.hbm.xml"/>

    </bean>

</beans>